<?xml version="1.0" encoding="utf-8"?>
<TestRun id="03c74008-1a11-41ef-b8fd-f4388a147009" name="win10@DESKTOP-93H19L3 2025-07-29 17:59:40" runUser="DESKTOP-93H19L3\win10" xmlns="http://microsoft.com/schemas/VisualStudio/TeamTest/2010">
  <Times creation="2025-07-29T17:59:40.9062547+08:00" queuing="2025-07-29T17:59:40.9062551+08:00" start="2025-07-29T17:59:02.3590901+08:00" finish="2025-07-29T17:59:40.9122789+08:00" />
  <TestSettings name="default" id="2e116c43-5c4f-4711-aa76-8b9d3ec13722">
    <Deployment runDeploymentRoot="win10_DESKTOP-93H19L3_2025-07-29_17_59_40" />
  </TestSettings>
  <Results>
    <UnitTestResult executionId="3167e1b8-2c91-4109-b084-17a7874fb3d6" testId="a6f85d82-dbb9-bcaf-c11a-2fd896ccaa2f" testName="AOS_AddToCart_PriceValidation" computerName="DESKTOP-93H19L3" duration="00:00:37.2040472" startTime="2025-07-29T17:59:03.5638594+08:00" endTime="2025-07-29T17:59:40.7971160+08:00" testType="13cdc9d9-ddb5-4fa4-a97d-d965ccfc6d4b" outcome="Passed" testListId="8c84fa94-04c1-424b-9868-57a2d4851a1d" relativeResultsDirectory="3167e1b8-2c91-4109-b084-17a7874fb3d6">
      <Output>
        <StdOut>TestContext 消息:&#xD;
Test started: AOS_AddToCart_PriceValidation&#xD;
=== Shopping Cart Validation ===&#xD;

--- Validating Product 1: HP ELITE X2 1011 G1 TABLET ---&#xD;
Cart quantity: 1&#xD;
Cart price: $1,279.00 ($1279)&#xD;
Expected tablet quantity: 1, Cart quantity: 1&#xD;
Expected tablet total: $1279, Cart total: $1279&#xD;

--- Validating Product 2: HP Z8000 BLUETOOTH MOUSE ---&#xD;
Cart quantity: 2&#xD;
Cart price: $101.98 ($101.98)&#xD;
Expected mouse quantity: 2, Cart quantity: 2&#xD;
Expected mouse total: $101.98, Cart total: $101.98&#xD;

--- Validating Product 3: HP ZBOOK 17 G2 MOBILE WORKSTATION ---&#xD;
Cart quantity: 1&#xD;
Cart price: $1,799.00 ($1799)&#xD;
Expected laptop quantity: 1, Cart quantity: 1&#xD;
Expected laptop total: $1799, Cart total: $1799&#xD;

--- Overall Cart Total Validation ---&#xD;
Expected total: $3179.98&#xD;
Cart total: $3,179.98 ($3179.98)</StdOut>
      </Output>
    </UnitTestResult>
  </Results>
  <TestDefinitions>
    <UnitTest name="AOS_AddToCart_PriceValidation" storage="d:\james\payoneersubmission\aos_ui_automation\bin\debug\net9.0\aos_ui_automation.dll" id="a6f85d82-dbb9-bcaf-c11a-2fd896ccaa2f">
      <Execution id="3167e1b8-2c91-4109-b084-17a7874fb3d6" />
      <TestMethod codeBase="D:\James\PayoneerSubmission\AOS_UI_Automation\bin\Debug\net9.0\AOS_UI_Automation.dll" adapterTypeName="executor://mstestadapter/v2" className="AOS_UI_Automation.AOS_Test1" name="AOS_AddToCart_PriceValidation" />
    </UnitTest>
  </TestDefinitions>
  <TestEntries>
    <TestEntry testId="a6f85d82-dbb9-bcaf-c11a-2fd896ccaa2f" executionId="3167e1b8-2c91-4109-b084-17a7874fb3d6" testListId="8c84fa94-04c1-424b-9868-57a2d4851a1d" />
  </TestEntries>
  <TestLists>
    <TestList name="列表中未列出的结果" id="8c84fa94-04c1-424b-9868-57a2d4851a1d" />
    <TestList name="所有已加载的结果" id="19431567-8539-422a-85d7-44ee4e166bda" />
  </TestLists>
  <ResultSummary outcome="Completed">
    <Counters total="1" executed="1" passed="1" failed="0" error="0" timeout="0" aborted="0" inconclusive="0" passedButRunAborted="0" notRunnable="0" notExecuted="0" disconnected="0" warning="0" completed="0" inProgress="0" pending="0" />
    <Output>
      <StdOut>已为 D:\James\PayoneerSubmission\AOS_UI_Automation\bin\Debug\net9.0\AOS_UI_Automation.dll 启用测试并行化(工作线程: 8，范围: MethodLevel)&#xD;
</StdOut>
    </Output>
  </ResultSummary>
</TestRun>